app/build/intermediates/manifest_merge_blame_file/debug/manifest-merger-blame-debug-report.txt
1<?xml version="1.0" encoding="utf-8"?>
2<manifest xmlns:android="http://schemas.android.com/apk/res/android"
3    package="com.paik.kuapp_review"
4    android:versionCode="1"
5    android:versionName="1.0" >
6
7    <uses-sdk
8        android:minSdkVersion="26"
8-->src\main\AndroidManifest.xml
9        android:targetSdkVersion="28" />
9-->src\main\AndroidManifest.xml
10
11    <uses-permission android:name="android.permission.INTERNET" />
11-->src\main\AndroidManifest.xml:5:5-67
11-->src\main\AndroidManifest.xml:5:22-64
12    <uses-permission android:name="android.permission.READ_EXTERNAL_STORAGE" />
12-->src\main\AndroidManifest.xml:6:5-80
12-->src\main\AndroidManifest.xml:6:22-77
13    <uses-permission android:name="android.permission.ACCESS_NETWORK_STATE" />
13-->[com.google.firebase:firebase-storage:16.0.5] AndroidManifest.xml:23:5-79
13-->[com.google.firebase:firebase-storage:16.0.5] AndroidManifest.xml:23:22-76
14    <uses-permission android:name="com.google.android.finsky.permission.BIND_GET_INSTALL_REFERRER_SERVICE" />
14-->[com.android.installreferrer:installreferrer:1.0] AndroidManifest.xml:9:5-110
14-->[com.android.installreferrer:installreferrer:1.0] AndroidManifest.xml:9:22-107
15
16    <application
16-->src\main\AndroidManifest.xml:8:5-46:19
17        android:allowBackup="true"
17-->src\main\AndroidManifest.xml:9:13-39
18        android:appComponentFactory="androidx.core.app.CoreComponentFactory"
18-->[androidx.core:core:1.0.1] AndroidManifest.xml:22:18-86
19        android:debuggable="true"
20        android:extractNativeLibs="false"
21        android:icon="@mipmap/ic_launcher"
21-->src\main\AndroidManifest.xml:10:13-47
22        android:label="@string/app_name"
22-->src\main\AndroidManifest.xml:11:13-45
23        android:roundIcon="@mipmap/ic_launcher_round"
23-->src\main\AndroidManifest.xml:12:13-58
24        android:supportsRtl="true"
24-->src\main\AndroidManifest.xml:13:13-39
25        android:testOnly="true"
26        android:theme="@style/AppTheme" >
26-->src\main\AndroidManifest.xml:14:13-44
27        <activity android:name="com.paik.kuapp_review.main" />
27-->src\main\AndroidManifest.xml:15:9-51
27-->src\main\AndroidManifest.xml:15:19-39
28        <activity android:name="com.paik.kuapp_review.navigation.AddPhotoActivity" />
28-->src\main\AndroidManifest.xml:16:9-65
28-->src\main\AndroidManifest.xml:16:19-62
29        <activity android:name="com.paik.kuapp_review.LoginActivity" >
29-->src\main\AndroidManifest.xml:17:9-23:20
29-->src\main\AndroidManifest.xml:17:19-48
30            <intent-filter>
30-->src\main\AndroidManifest.xml:18:13-22:29
31                <action android:name="android.intent.action.MAIN" />
31-->src\main\AndroidManifest.xml:19:17-69
31-->src\main\AndroidManifest.xml:19:25-66
32
33                <category android:name="android.intent.category.LAUNCHER" />
33-->src\main\AndroidManifest.xml:21:17-77
33-->src\main\AndroidManifest.xml:21:27-74
34            </intent-filter>
35        </activity>
36        <activity android:name="com.paik.kuapp_review.MainActivity" />
36-->src\main\AndroidManifest.xml:24:9-50
36-->src\main\AndroidManifest.xml:24:19-47
37
38        <meta-data
38-->src\main\AndroidManifest.xml:26:9-28:59
39            android:name="com.facebook.sdk.ApplicationId"
39-->src\main\AndroidManifest.xml:27:17-62
40            android:value="@string/facebook_app_id" />
40-->src\main\AndroidManifest.xml:28:17-56
41
42        <activity
42-->src\main\AndroidManifest.xml:30:9-33:52
43            android:name="com.facebook.FacebookActivity"
43-->src\main\AndroidManifest.xml:31:17-61
44            android:configChanges="keyboard|keyboardHidden|screenLayout|screenSize|orientation"
44-->src\main\AndroidManifest.xml:32:17-100
45            android:label="@string/app_name"
45-->src\main\AndroidManifest.xml:33:17-49
46            android:theme="@style/com_facebook_activity_theme" />
46-->[com.facebook.android:facebook-common:5.15.3] AndroidManifest.xml:33:13-63
47        <activity
47-->src\main\AndroidManifest.xml:34:9-45:20
48            android:name="com.facebook.CustomTabActivity"
48-->src\main\AndroidManifest.xml:35:17-62
49            android:exported="true" >
49-->src\main\AndroidManifest.xml:36:17-40
50            <intent-filter>
50-->src\main\AndroidManifest.xml:37:13-44:29
51                <action android:name="android.intent.action.VIEW" />
51-->src\main\AndroidManifest.xml:38:17-69
51-->src\main\AndroidManifest.xml:38:25-66
52
53                <category android:name="android.intent.category.DEFAULT" />
53-->src\main\AndroidManifest.xml:40:17-76
53-->src\main\AndroidManifest.xml:40:27-73
54                <category android:name="android.intent.category.BROWSABLE" />
54-->src\main\AndroidManifest.xml:41:17-78
54-->src\main\AndroidManifest.xml:41:27-75
55
56                <data android:scheme="@string/fb_login_protocol_scheme" />
56-->src\main\AndroidManifest.xml:43:17-75
56-->src\main\AndroidManifest.xml:43:23-72
57            </intent-filter>
58            <intent-filter>
58-->[com.facebook.android:facebook-common:5.15.3] AndroidManifest.xml:39:13-48:29
59                <action android:name="android.intent.action.VIEW" />
59-->src\main\AndroidManifest.xml:38:17-69
59-->src\main\AndroidManifest.xml:38:25-66
60
61                <category android:name="android.intent.category.DEFAULT" />
61-->src\main\AndroidManifest.xml:40:17-76
61-->src\main\AndroidManifest.xml:40:27-73
62                <category android:name="android.intent.category.BROWSABLE" />
62-->src\main\AndroidManifest.xml:41:17-78
62-->src\main\AndroidManifest.xml:41:27-75
63
64                <data
64-->src\main\AndroidManifest.xml:43:17-75
65                    android:host="cct.com.paik.kuapp_review"
66                    android:scheme="fbconnect" />
66-->src\main\AndroidManifest.xml:43:23-72
67            </intent-filter>
68        </activity>
69        <activity android:name="com.facebook.CustomTabMainActivity" />
69-->[com.facebook.android:facebook-common:5.15.3] AndroidManifest.xml:34:9-71
69-->[com.facebook.android:facebook-common:5.15.3] AndroidManifest.xml:34:19-68
70        <activity
70-->[com.google.firebase:firebase-auth:16.1.0] AndroidManifest.xml:24:9-31:50
71            android:name="com.google.firebase.auth.internal.FederatedSignInActivity"
71-->[com.google.firebase:firebase-auth:16.1.0] AndroidManifest.xml:25:13-85
72            android:excludeFromRecents="true"
72-->[com.google.firebase:firebase-auth:16.1.0] AndroidManifest.xml:26:13-46
73            android:exported="true"
73-->[com.google.firebase:firebase-auth:16.1.0] AndroidManifest.xml:27:13-36
74            android:launchMode="singleTask"
74-->[com.google.firebase:firebase-auth:16.1.0] AndroidManifest.xml:28:13-44
75            android:permission="com.google.firebase.auth.api.gms.permission.LAUNCH_FEDERATED_SIGN_IN"
75-->[com.google.firebase:firebase-auth:16.1.0] AndroidManifest.xml:29:13-102
76            android:theme="@android:style/Theme.Translucent.NoTitleBar" />
76-->[com.google.firebase:firebase-auth:16.1.0] AndroidManifest.xml:30:13-72
77
78        <service
78-->[com.google.firebase:firebase-auth:16.1.0] AndroidManifest.xml:33:9-39:19
79            android:name="com.google.firebase.components.ComponentDiscoveryService"
79-->[com.google.firebase:firebase-auth:16.1.0] AndroidManifest.xml:34:13-84
80            android:exported="false" >
80-->[com.google.firebase:firebase-auth:16.1.0] AndroidManifest.xml:35:13-37
81            <meta-data
81-->[com.google.firebase:firebase-auth:16.1.0] AndroidManifest.xml:36:13-38:85
82                android:name="com.google.firebase.components:com.google.firebase.auth.FirebaseAuthRegistrar"
82-->[com.google.firebase:firebase-auth:16.1.0] AndroidManifest.xml:37:17-109
83                android:value="com.google.firebase.components.ComponentRegistrar" />
83-->[com.google.firebase:firebase-auth:16.1.0] AndroidManifest.xml:38:17-82
84            <meta-data
84-->[com.google.firebase:firebase-firestore:18.0.0] AndroidManifest.xml:17:13-19:85
85                android:name="com.google.firebase.components:com.google.firebase.firestore.FirestoreRegistrar"
85-->[com.google.firebase:firebase-firestore:18.0.0] AndroidManifest.xml:18:17-111
86                android:value="com.google.firebase.components.ComponentRegistrar" />
86-->[com.google.firebase:firebase-firestore:18.0.0] AndroidManifest.xml:19:17-82
87        </service>
88
89        <activity
89-->[com.google.android.gms:play-services-auth:17.0.0] AndroidManifest.xml:23:9-27:75
90            android:name="com.google.android.gms.auth.api.signin.internal.SignInHubActivity"
90-->[com.google.android.gms:play-services-auth:17.0.0] AndroidManifest.xml:24:13-93
91            android:excludeFromRecents="true"
91-->[com.google.android.gms:play-services-auth:17.0.0] AndroidManifest.xml:25:13-46
92            android:exported="false"
92-->[com.google.android.gms:play-services-auth:17.0.0] AndroidManifest.xml:26:13-37
93            android:theme="@android:style/Theme.Translucent.NoTitleBar" />
93-->[com.google.android.gms:play-services-auth:17.0.0] AndroidManifest.xml:27:13-72
94        <!--
95            Service handling Google Sign-In user revocation. For apps that do not integrate with
96            Google Sign-In, this service will never be started.
97        -->
98        <service
98-->[com.google.android.gms:play-services-auth:17.0.0] AndroidManifest.xml:33:9-36:110
99            android:name="com.google.android.gms.auth.api.signin.RevocationBoundService"
99-->[com.google.android.gms:play-services-auth:17.0.0] AndroidManifest.xml:34:13-89
100            android:exported="true"
100-->[com.google.android.gms:play-services-auth:17.0.0] AndroidManifest.xml:35:13-36
101            android:permission="com.google.android.gms.auth.api.signin.permission.REVOCATION_NOTIFICATION" />
101-->[com.google.android.gms:play-services-auth:17.0.0] AndroidManifest.xml:36:13-107
102
103        <activity
103-->[com.google.android.gms:play-services-base:17.0.0] AndroidManifest.xml:23:9-26:75
104            android:name="com.google.android.gms.common.api.GoogleApiActivity"
104-->[com.google.android.gms:play-services-base:17.0.0] AndroidManifest.xml:24:13-79
105            android:exported="false"
105-->[com.google.android.gms:play-services-base:17.0.0] AndroidManifest.xml:25:13-37
106            android:theme="@android:style/Theme.Translucent.NoTitleBar" />
106-->[com.google.android.gms:play-services-base:17.0.0] AndroidManifest.xml:26:13-72
107
108        <provider
108-->[com.google.firebase:firebase-common:16.0.4] AndroidManifest.xml:10:9-14:39
109            android:name="com.google.firebase.provider.FirebaseInitProvider"
109-->[com.google.firebase:firebase-common:16.0.4] AndroidManifest.xml:11:13-77
110            android:authorities="com.paik.kuapp_review.firebaseinitprovider"
110-->[com.google.firebase:firebase-common:16.0.4] AndroidManifest.xml:12:13-72
111            android:exported="false"
111-->[com.google.firebase:firebase-common:16.0.4] AndroidManifest.xml:13:13-37
112            android:initOrder="100" />
112-->[com.google.firebase:firebase-common:16.0.4] AndroidManifest.xml:14:13-36
113
114        <meta-data
114-->[com.google.android.gms:play-services-basement:17.0.0] AndroidManifest.xml:23:9-25:69
115            android:name="com.google.android.gms.version"
115-->[com.google.android.gms:play-services-basement:17.0.0] AndroidManifest.xml:24:13-58
116            android:value="@integer/google_play_services_version" />
116-->[com.google.android.gms:play-services-basement:17.0.0] AndroidManifest.xml:25:13-66
117        <!--
118         The initialization ContentProvider will call FacebookSdk.sdkInitialize automatically
119         with the application context. This config is merged in with the host app's manifest,
120         but there can only be one provider with the same authority activated at any given
121         point; so if the end user has two or more different apps that use Facebook SDK, only the
122         first one will be able to use the provider. To work around this problem, we use the
123         following placeholder in the authority to identify each host application as if it was
124         a completely different provider.
125        -->
126        <provider
126-->[com.facebook.android:facebook-core:5.15.3] AndroidManifest.xml:39:9-42:40
127            android:name="com.facebook.internal.FacebookInitProvider"
127-->[com.facebook.android:facebook-core:5.15.3] AndroidManifest.xml:40:13-70
128            android:authorities="com.paik.kuapp_review.FacebookInitProvider"
128-->[com.facebook.android:facebook-core:5.15.3] AndroidManifest.xml:41:13-72
129            android:exported="false" />
129-->[com.facebook.android:facebook-core:5.15.3] AndroidManifest.xml:42:13-37
130
131        <receiver
131-->[com.facebook.android:facebook-core:5.15.3] AndroidManifest.xml:44:9-50:20
132            android:name="com.facebook.CurrentAccessTokenExpirationBroadcastReceiver"
132-->[com.facebook.android:facebook-core:5.15.3] AndroidManifest.xml:45:13-86
133            android:exported="false" >
133-->[com.facebook.android:facebook-core:5.15.3] AndroidManifest.xml:46:13-37
134            <intent-filter>
134-->[com.facebook.android:facebook-core:5.15.3] AndroidManifest.xml:47:13-49:29
135                <action android:name="com.facebook.sdk.ACTION_CURRENT_ACCESS_TOKEN_CHANGED" />
135-->[com.facebook.android:facebook-core:5.15.3] AndroidManifest.xml:48:17-95
135-->[com.facebook.android:facebook-core:5.15.3] AndroidManifest.xml:48:25-92
136            </intent-filter>
137        </receiver>
138    </application>
139
140</manifest>